<?xml version="1.0" encoding="UTF-8"?>
<!-- Generated by org.testng.reporters.JUnitReportReporter -->
<testsuite hostname="DESKTOP-4GVQ0M2" failures="0" tests="20" name="runners.CucumberTestRunner" time="275.765" errors="0" timestamp="2025-03-03T23:59:53 IST" skipped="0">
  <testcase classname="runners.CucumberTestRunner" name="runScenario" time="13.344"/>
  <testcase classname="runners.CucumberTestRunner" name="runScenario" time="2.629"/>
  <testcase classname="runners.CucumberTestRunner" name="runScenario" time="17.068"/>
  <testcase classname="runners.CucumberTestRunner" name="runScenario" time="13.380"/>
  <testcase classname="runners.CucumberTestRunner" name="runScenario" time="14.326"/>
  <testcase classname="runners.CucumberTestRunner" name="runScenario" time="13.230"/>
  <testcase classname="runners.CucumberTestRunner" name="runScenario" time="23.466"/>
  <testcase classname="runners.CucumberTestRunner" name="runScenario" time="13.499"/>
  <testcase classname="runners.CucumberTestRunner" name="runScenario" time="13.658"/>
  <testcase classname="runners.CucumberTestRunner" name="runScenario" time="2.493"/>
  <testcase classname="runners.CucumberTestRunner" name="runScenario" time="23.336"/>
  <testcase classname="runners.CucumberTestRunner" name="runScenario" time="14.250"/>
  <testcase classname="runners.CucumberTestRunner" name="runScenario" time="13.168"/>
  <testcase classname="runners.CucumberTestRunner" name="runScenario" time="25.515"/>
  <testcase classname="runners.CucumberTestRunner" name="runScenario" time="2.559"/>
  <testcase classname="runners.CucumberTestRunner" name="runScenario" time="14.634"/>
  <testcase classname="runners.CucumberTestRunner" name="runScenario" time="24.920"/>
  <testcase classname="runners.CucumberTestRunner" name="runScenario" time="14.618"/>
  <testcase classname="runners.CucumberTestRunner" name="runScenario" time="2.414"/>
  <testcase classname="runners.CucumberTestRunner" name="runScenario" time="13.258"/>
</testsuite> <!-- runners.CucumberTestRunner -->
